<?xml version="1.0" encoding="UTF-8"?>
<testng-results ignored="0" total="1" passed="1" failed="0" skipped="0">
  <reporter-output>
  </reporter-output>
  <suite started-at="2024-08-20T21:25:42 PDT" name="Default suite" finished-at="2024-08-20T21:25:59 PDT" duration-ms="16793">
    <groups>
    </groups>
    <test started-at="2024-08-20T21:25:42 PDT" name="Default test" finished-at="2024-08-20T21:25:59 PDT" duration-ms="16793">
      <class name="com.navigationCmd.NavigateForward">
        <test-method signature="NavigateFor()[pri:0, instance:com.navigationCmd.NavigateForward@1afd44cb]" started-at="2024-08-20T21:25:42 PDT" name="NavigateFor" finished-at="2024-08-20T21:25:59 PDT" duration-ms="16748" status="PASS">
          <reporter-output>
          </reporter-output>
        </test-method> <!-- NavigateFor -->
      </class> <!-- com.navigationCmd.NavigateForward -->
    </test> <!-- Default test -->
  </suite> <!-- Default suite -->
</testng-results>
